<?xml version="1.0" encoding="UTF-8"?>
<!-- Generated by org.testng.reporters.JUnitXMLReporter -->
<testsuite ignored="0" hostname="DESKTOP-M1I9C7U" failures="0" tests="3" name="Default test" time="5.457" errors="0" timestamp="2024-01-17T14:58:38 IST">
  <testcase classname="com.jqueryui.testscript.testcase001" name="fun_InvokeApp" time="2.349"/>
  <testcase classname="com.jqueryui.testscript.testcase001" name="fun_ClickPlugin" time="2.545"/>
  <testcase classname="com.jqueryui.testscript.testcase001" name="fun_Extractdata" time="0.039"/>
</testsuite> <!-- Default test -->
