<?xml version="1.0" encoding="UTF-8"?>
<testng-results ignored="0" total="3" passed="3" failed="0" skipped="0">
  <reporter-output>
  </reporter-output>
  <suite started-at="2024-01-17T14:58:32 IST" name="Default suite" finished-at="2024-01-17T14:58:38 IST" duration-ms="5457">
    <groups>
    </groups>
    <test started-at="2024-01-17T14:58:32 IST" name="Default test" finished-at="2024-01-17T14:58:38 IST" duration-ms="5457">
      <class name="com.jqueryui.testscript.testcase001">
        <test-method is-config="true" signature="test1()[pri:0, instance:com.jqueryui.testscript.testcase001@71a9b4c7]" started-at="2024-01-17T14:58:32 IST" name="test1" finished-at="2024-01-17T14:58:32 IST" duration-ms="160" status="PASS">
          <reporter-output>
          </reporter-output>
        </test-method> <!-- test1 -->
        <test-method signature="fun_InvokeApp()[pri:1, instance:com.jqueryui.testscript.testcase001@71a9b4c7]" started-at="2024-01-17T14:58:32 IST" name="fun_InvokeApp" finished-at="2024-01-17T14:58:35 IST" duration-ms="2349" status="PASS">
          <reporter-output>
          </reporter-output>
        </test-method> <!-- fun_InvokeApp -->
        <test-method signature="fun_ClickPlugin()[pri:2, instance:com.jqueryui.testscript.testcase001@71a9b4c7]" started-at="2024-01-17T14:58:35 IST" name="fun_ClickPlugin" finished-at="2024-01-17T14:58:37 IST" duration-ms="2545" status="PASS">
          <reporter-output>
          </reporter-output>
        </test-method> <!-- fun_ClickPlugin -->
        <test-method signature="fun_Extractdata()[pri:3, instance:com.jqueryui.testscript.testcase001@71a9b4c7]" started-at="2024-01-17T14:58:37 IST" name="fun_Extractdata" finished-at="2024-01-17T14:58:37 IST" duration-ms="39" status="PASS">
          <reporter-output>
          </reporter-output>
        </test-method> <!-- fun_Extractdata -->
        <test-method is-config="true" signature="closeBrower()[pri:0, instance:com.jqueryui.testscript.testcase001@71a9b4c7]" started-at="2024-01-17T14:58:37 IST" name="closeBrower" finished-at="2024-01-17T14:58:38 IST" duration-ms="313" status="PASS">
          <reporter-output>
          </reporter-output>
        </test-method> <!-- closeBrower -->
      </class> <!-- com.jqueryui.testscript.testcase001 -->
    </test> <!-- Default test -->
  </suite> <!-- Default suite -->
</testng-results>
